{"name":"verify robot image","status":"failed","statusDetails":{"known":false,"muted":false,"flaky":false,"message":"images are not the same did not expect to find [false] but found [true]","trace":"java.lang.AssertionError: images are not the same did not expect to find [false] but found [true]\r\n\tat org.testng.Assert.fail(Assert.java:97)\r\n\tat org.testng.Assert.failNotEquals(Assert.java:969)\r\n\tat org.testng.Assert.assertFalse(Assert.java:65)\r\n\tat Extensions.verifications.visualElement(verifications.java:131)\r\n\tat SanityTestCases.saucedemoWeb.test06_verifyRobotImage(saucedemoWeb.java:68)\r\n\tat sun.reflect.NativeMethodAccessorImpl.invoke0(Native Method)\r\n\tat sun.reflect.NativeMethodAccessorImpl.invoke(NativeMethodAccessorImpl.java:62)\r\n\tat sun.reflect.DelegatingMethodAccessorImpl.invoke(DelegatingMethodAccessorImpl.java:43)\r\n\tat java.lang.reflect.Method.invoke(Method.java:498)\r\n\tat org.testng.internal.MethodInvocationHelper.invokeMethod(MethodInvocationHelper.java:133)\r\n\tat org.testng.internal.TestInvoker.invokeMethod(TestInvoker.java:584)\r\n\tat org.testng.internal.TestInvoker.invokeTestMethod(TestInvoker.java:172)\r\n\tat org.testng.internal.MethodRunner.runInSequence(MethodRunner.java:46)\r\n\tat org.testng.internal.TestInvoker$MethodInvocationAgent.invoke(TestInvoker.java:804)\r\n\tat org.testng.internal.TestInvoker.invokeTestMethods(TestInvoker.java:145)\r\n\tat org.testng.internal.TestMethodWorker.invokeTestMethods(TestMethodWorker.java:146)\r\n\tat org.testng.internal.TestMethodWorker.run(TestMethodWorker.java:128)\r\n\tat java.util.ArrayList.forEach(ArrayList.java:1257)\r\n\tat org.testng.TestRunner.privateRun(TestRunner.java:770)\r\n\tat org.testng.TestRunner.run(TestRunner.java:591)\r\n\tat org.testng.SuiteRunner.runTest(SuiteRunner.java:402)\r\n\tat org.testng.SuiteRunner.runSequentially(SuiteRunner.java:396)\r\n\tat org.testng.SuiteRunner.privateRun(SuiteRunner.java:355)\r\n\tat org.testng.SuiteRunner.run(SuiteRunner.java:304)\r\n\tat org.testng.SuiteRunnerWorker.runSuite(SuiteRunnerWorker.java:53)\r\n\tat org.testng.SuiteRunnerWorker.run(SuiteRunnerWorker.java:96)\r\n\tat org.testng.TestNG.runSuitesSequentially(TestNG.java:1180)\r\n\tat org.testng.TestNG.runSuitesLocally(TestNG.java:1102)\r\n\tat org.testng.TestNG.runSuites(TestNG.java:1032)\r\n\tat org.testng.TestNG.run(TestNG.java:1000)\r\n\tat org.apache.maven.surefire.testng.TestNGExecutor.run(TestNGExecutor.java:283)\r\n\tat org.apache.maven.surefire.testng.TestNGXmlTestSuite.execute(TestNGXmlTestSuite.java:75)\r\n\tat org.apache.maven.surefire.testng.TestNGProvider.invoke(TestNGProvider.java:120)\r\n\tat org.apache.maven.surefire.booter.ForkedBooter.invokeProviderInSameClassLoader(ForkedBooter.java:384)\r\n\tat org.apache.maven.surefire.booter.ForkedBooter.runSuitesInProcess(ForkedBooter.java:345)\r\n\tat org.apache.maven.surefire.booter.ForkedBooter.execute(ForkedBooter.java:126)\r\n\tat org.apache.maven.surefire.booter.ForkedBooter.main(ForkedBooter.java:418)\r\n"},"stage":"finished","description":"verify login page robot image","steps":[{"name":"logout the site","status":"passed","stage":"finished","steps":[{"name":"click on an element","status":"passed","stage":"finished","steps":[],"attachments":[],"parameters":[{"name":"elem","value":"[[ChromeDriver: chrome on XP (bf52f4e03ffaf7516816fe2529a33299)] -> class name: bm-burger-button]"}],"start":1601794582065,"stop":1601794582266},{"name":"click on an element","status":"passed","stage":"finished","steps":[],"attachments":[],"parameters":[{"name":"elem","value":"[[ChromeDriver: chrome on XP (bf52f4e03ffaf7516816fe2529a33299)] -> id: logout_sidebar_link]"}],"start":1601794582325,"stop":1601794582712}],"attachments":[],"parameters":[],"start":1601794582002,"stop":1601794582712},{"name":"verify element visually","status":"failed","statusDetails":{"known":false,"muted":false,"flaky":false,"message":"images are not the same did not expect to find [false] but found [true]","trace":"java.lang.AssertionError: images are not the same did not expect to find [false] but found [true]\r\n\tat org.testng.Assert.fail(Assert.java:97)\r\n\tat org.testng.Assert.failNotEquals(Assert.java:969)\r\n\tat org.testng.Assert.assertFalse(Assert.java:65)\r\n\tat Extensions.verifications.visualElement(verifications.java:131)\r\n\tat SanityTestCases.saucedemoWeb.test06_verifyRobotImage(saucedemoWeb.java:68)\r\n\tat sun.reflect.NativeMethodAccessorImpl.invoke0(Native Method)\r\n\tat sun.reflect.NativeMethodAccessorImpl.invoke(NativeMethodAccessorImpl.java:62)\r\n\tat sun.reflect.DelegatingMethodAccessorImpl.invoke(DelegatingMethodAccessorImpl.java:43)\r\n\tat java.lang.reflect.Method.invoke(Method.java:498)\r\n\tat org.testng.internal.MethodInvocationHelper.invokeMethod(MethodInvocationHelper.java:133)\r\n\tat org.testng.internal.TestInvoker.invokeMethod(TestInvoker.java:584)\r\n\tat org.testng.internal.TestInvoker.invokeTestMethod(TestInvoker.java:172)\r\n\tat org.testng.internal.MethodRunner.runInSequence(MethodRunner.java:46)\r\n\tat org.testng.internal.TestInvoker$MethodInvocationAgent.invoke(TestInvoker.java:804)\r\n\tat org.testng.internal.TestInvoker.invokeTestMethods(TestInvoker.java:145)\r\n\tat org.testng.internal.TestMethodWorker.invokeTestMethods(TestMethodWorker.java:146)\r\n\tat org.testng.internal.TestMethodWorker.run(TestMethodWorker.java:128)\r\n\tat java.util.ArrayList.forEach(ArrayList.java:1257)\r\n\tat org.testng.TestRunner.privateRun(TestRunner.java:770)\r\n\tat org.testng.TestRunner.run(TestRunner.java:591)\r\n\tat org.testng.SuiteRunner.runTest(SuiteRunner.java:402)\r\n\tat org.testng.SuiteRunner.runSequentially(SuiteRunner.java:396)\r\n\tat org.testng.SuiteRunner.privateRun(SuiteRunner.java:355)\r\n\tat org.testng.SuiteRunner.run(SuiteRunner.java:304)\r\n\tat org.testng.SuiteRunnerWorker.runSuite(SuiteRunnerWorker.java:53)\r\n\tat org.testng.SuiteRunnerWorker.run(SuiteRunnerWorker.java:96)\r\n\tat org.testng.TestNG.runSuitesSequentially(TestNG.java:1180)\r\n\tat org.testng.TestNG.runSuitesLocally(TestNG.java:1102)\r\n\tat org.testng.TestNG.runSuites(TestNG.java:1032)\r\n\tat org.testng.TestNG.run(TestNG.java:1000)\r\n\tat org.apache.maven.surefire.testng.TestNGExecutor.run(TestNGExecutor.java:283)\r\n\tat org.apache.maven.surefire.testng.TestNGXmlTestSuite.execute(TestNGXmlTestSuite.java:75)\r\n\tat org.apache.maven.surefire.testng.TestNGProvider.invoke(TestNGProvider.java:120)\r\n\tat org.apache.maven.surefire.booter.ForkedBooter.invokeProviderInSameClassLoader(ForkedBooter.java:384)\r\n\tat org.apache.maven.surefire.booter.ForkedBooter.runSuitesInProcess(ForkedBooter.java:345)\r\n\tat org.apache.maven.surefire.booter.ForkedBooter.execute(ForkedBooter.java:126)\r\n\tat org.apache.maven.surefire.booter.ForkedBooter.main(ForkedBooter.java:418)\r\n"},"stage":"finished","steps":[],"attachments":[],"parameters":[{"name":"imageElement","value":"[[ChromeDriver: chrome on XP (bf52f4e03ffaf7516816fe2529a33299)] -> class name: bot_column]"},{"name":"ExpectedImageName","value":"robotImage_ver01"}],"start":1601794582769,"stop":1601794583982}],"attachments":[{"name":"page Screenshot","source":"09b2dccb-738f-4016-9e74-b6c529a51e6b-attachment","type":"image/png"}],"parameters":[{"name":"PlatformName","value":"web"}],"start":1601794582000,"stop":1601794584381,"uuid":"691c3c20-8902-43d0-a20a-143b6aa8a220","historyId":"9c63530e2a4bccad75872e6b914d954c","fullName":"SanityTestCases.saucedemoWeb.test06_verifyRobotImage","labels":[{"name":"package","value":"SanityTestCases.saucedemoWeb"},{"name":"testClass","value":"SanityTestCases.saucedemoWeb"},{"name":"testMethod","value":"test06_verifyRobotImage"},{"name":"parentSuite","value":"Suite"},{"name":"suite","value":"Web Tests"},{"name":"subSuite","value":"SanityTestCases.saucedemoWeb"},{"name":"host","value":"LAPTOP-F8C47SGU"},{"name":"thread","value":"8548@LAPTOP-F8C47SGU.main(1)"},{"name":"framework","value":"testng"},{"name":"language","value":"java"}],"links":[]}